FirstName,LastName,Email,PhoneNumber
Yard,Spincks,yspincks0@tumblr.com,500-488-8029
Garwood,Dickens,gdickens1@sciencedaily.com,900-280-0163
Sloane,Port,sport2@free.fr,498-415-4744
Dion,Gillbard,dgillbard3@digg.com,310-927-3151
,MacAdam,pmacadam4@elpais.com,321-878-4383
Aleta,Nickoll,,183-208-7458
Roddie,Davidof,rdavidof6@ask.com,673-360-0188
Kendra,Colum,kcolum7@nsw.gov.au,358-232-7316
Ayn,Pattullo,apattullo8@theglobeandmail.com,528-485-9577
,Dressel,jdressel9@pbs.org,670-877-7820
Bailey,O'Malley,bomalleya@webeden.co.uk,660-353-1488
Layton,Yurkiewicz,lyurkiewiczb@sogou.com,783-924-6660
Marcelo,Lindstedt,mlindstedtc@1und1.de,565-890-0048
Eba,Colloby,ecollobyd@google.ru,271-227-1759
Ulises,Waszczykowski,uwaszczykowskie@meetup.com,673-360-0188
,Pischof,,626-966-4931
Dionisio,Hilary,dhilaryg@usa.gov,818-706-5014
Tiffy,Farndell,tfarndellh@bandcamp.com,337-717-7825
Chloe,Keyte,ckeytei@godaddy.com,
Brannon,Durham,bdurhamj@ed.gov,946-364-0814
Harli,Eldon,heldonk@tuttocitta.it,117-747-0446
Sally,Heller,shellerl@shutterfly.com,461-941-9332
Dominique,Ploughwright,dploughwrightm@posterous.com,938-941-3617
Ezra,Nerne,enernen@list-manage.com,986-227-9653
Aleta,Dyme,,183-208-7458
Enrika,Griffitt,egriffitto@about.me,
Kaycee,Ionn,kionnp@youtu.be,789-395-1224
Cobby,Nolte,cnolteq@devhub.com,325-688-3849
Seline,Hufton,shuftonr@etsy.com,246-284-1162
Sasha,Tolworth,stolworths@deviantart.com,676-184-7757
Raymond,Plumley,rplumleyt@hibu.com,900-280-0163
Chalmers,Imm,cimmu@youku.com,248-580-6176
Venita,Ricketts,vrickettsv@mediafire.com,186-380-6429
,Snoxell,psnoxellw@privacy.gov.au,769-734-7593
Ewen,Caldwell,ecaldwellx@home.pl,297-461-5173
Brittaney,Catlow,bcatlowy@godaddy.com,336-516-2032
Codie,Tooth,ctoothz@miitbeian.gov.cn,422-367-9255
Burty,Binestead,bbinestead10@opensource.org,419-844-3067
,Snead,csnead11@ycombinator.com,250-559-2331
Tina,Northover,tnorthover12@noaa.gov,820-940-8225
Felicia,Stacy,fstacy13@webs.com,239-647-3308
Shirline,Webberley,swebberley14@techcrunch.com,791-874-9182
Alasteir,Ferguson,aferguson15@webs.com,261-626-4705
Laurent,Scranedge,lscranedge16@flickr.com,347-631-2354
Tobiah,Boutell,tboutell17@opensource.org,849-138-9046
Kendal,Arstall,karstall18@flickr.com,338-539-4736
Beverlee,Sheringham,bsheringham19@blogspot.com,453-171-2942
Terri-jo,Kulis,tkulis1a@slashdot.org,789-395-1224
Ferne,Delwater,fdelwater1b@histats.com,353-464-9556
Marten,Ommanney,mommanney1c@phoca.cz,511-369-5775
Drew,Steers,dsteers1d@privacy.gov.au,182-749-9682
Abner,Succamore,asuccamore1e@cbslocal.com,
,Catford,ccatford1f@prlog.org,485-631-7918
Cam,Zannotelli,czannotelli1g@moonfruit.com,337-836-7270
Mace,Vanin,mvanin1h@wix.com,455-692-7767
,Woolforde,,935-167-4183
Ammamaria,Attridge,aattridge1j@bluehost.com,900-280-0163
Prudi,Doleman,pdoleman1k@instagram.com,
Suzanne,Kuhnt,skuhnt1l@cyberchimps.com,175-420-4913
Andria,Lorraine,alorraine1m@tinyurl.com,947-677-0804
Samson,Bowld,sbowld1n@cnn.com,450-480-7030
,Walaron,nwalaron1o@unicef.org,893-864-6029
Malory,Attaway,mattaway1p@arizona.edu,394-553-2390
Shurwood,MacKellen,smackellen1q@latimes.com,312-128-3717
,Pischof,,626-966-4931
Cyndia,Galfour,cgalfour1r@yahoo.com,
Quinn,Baily,qbaily1s@whitehouse.gov,218-243-6086
Beaufort,Sillis,bsillis1t@huffingtonpost.com,271-973-1280
Kynthia,Igonet,kigonet1u@guardian.co.uk,734-468-9296
Inga,Milby,imilby1v@yale.edu,627-633-9514
Fremont,Mewton,fmewton1w@devhub.com,453-665-0032
Jaine,Caldicot,jcaldicot1x@disqus.com,318-718-6863
Fremont,Chatres,fchatres1y@bizjournals.com,626-966-4931
Sidonia,Chipman,schipman1z@paginegialle.it,789-395-1224
Candice,Grimshaw,cgrimshaw20@epa.gov,950-298-4900
Drugi,Rey,drey21@exblog.jp,739-487-0451
Jaimie,Diggell,,861-147-2393
Rem,Surmeyer,rsurmeyer23@fda.gov,236-490-2888
Colman,MacHostie,cmachostie24@google.com.au,587-936-3821
Rheba,Platfoot,rplatfoot25@51.la,882-759-6031
,Braund,tbraund26@pagesperso-orange.fr,688-976-6225
Jonie,Paskin,jpaskin27@google.pl,
Adrian,Metham,ametham28@microsoft.com,988-122-9910
Broddy,Sturridge,bsturridge29@arstechnica.com,470-865-6503
Dolorita,Cowburn,dcowburn2a@nydailynews.com,877-914-6210
Claresta,Antosik,cantosik2b@newyorker.com,459-738-2222
Janna,Laroux,jlaroux2c@goo.gl,208-596-3495
Rossie,Quiddinton,rquiddinton2d@freewebs.com,508-492-1134
,Andrasch,jandrasch2e@fda.gov,537-387-2929
Yetta,Littlekit,ylittlekit2f@eventbrite.com,695-654-5524
Alena,Gilffilland,agilffilland2g@tinypic.com,725-467-1694
Natasha,Ellsom,,403-418-0134
Dinnie,McFarlan,dmcfarlan2i@patch.com,747-447-3153
Christel,Yockley,cyockley2j@biblegateway.com,301-819-9613
Chrysler,Burghall,cburghall2k@parallels.com,956-873-6280
Traver,Anscombe,tanscombe2l@nsw.gov.au,617-541-6812
Daniel,Marklow,dmarklow2m@cdbaby.com,709-260-0640
Faustine,Frantzeni,ffrantzeni2n@comcast.net,722-715-1674
Hulda,Everill,heverill2o@godaddy.com,407-439-2214
Gayelord,Shortin,gshortin2p@va.gov,590-806-1744
Mireielle,Crawford,mcrawford2q@thetimes.co.uk,912-129-9800
Bartel,Buchett,bbuchett2r@npr.org,940-338-4536
